<?xml version="1.0" encoding="UTF-8"?>
<!-- Generated by org.testng.reporters.JUnitReportReporter -->
<testsuite hostname="DESKTOP-1VK86FQ" failures="0" tests="1" name="ai.ds.testBase.TestBase" time="170.372" errors="0" timestamp="2022-11-30T16:48:37 IST" skipped="0">
  <testcase classname="ai.ds.testBase.TestBase" name="setup" time="170.372"/>
  <system-out/>
</testsuite> <!-- ai.ds.testBase.TestBase -->
