<?xml version="1.0" encoding="UTF-8"?>
<!-- Generated by org.testng.reporters.JUnitReportReporter -->
<testsuite hostname="DESKTOP-1VK86FQ" failures="0" tests="1" name="ai.ds.testLayer.TestClass" time="70.893" errors="0" timestamp="2022-11-30T20:16:07 IST" skipped="0">
  <testcase classname="ai.ds.testLayer.TestClass" name="verifyLoginTest" time="70.893"/>
  <system-out/>
</testsuite> <!-- ai.ds.testLayer.TestClass -->
